Copyright 1986-2018 Xilinx, Inc. All Rights Reserved.
------------------------------------------------------------------------------------
| Tool Version : Vivado v.2018.2 (lin64) Build 2258646 Thu Jun 14 20:02:38 MDT 2018
| Date         : Sun Aug 25 16:38:44 2019
| Host         : Portilla running 64-bit Ubuntu 18.04.2 LTS
| Command      : upgrade_ip
| Device       : xc7a100tcsg324-1
------------------------------------------------------------------------------------

Upgrade Log for IP 'designAXIslave_AXI_Adder_Tree_0_1'

1. Summary
----------

SUCCESS in the upgrade of designAXIslave_AXI_Adder_Tree_0_1 (user.org:user:AXI_Adder_Tree:1.0) from (Rev. 70) to (Rev. 71)






Copyright 1986-2018 Xilinx, Inc. All Rights Reserved.
------------------------------------------------------------------------------------
| Tool Version : Vivado v.2018.2 (lin64) Build 2258646 Thu Jun 14 20:02:38 MDT 2018
| Date         : Sat Aug 24 23:28:51 2019
| Host         : Portilla running 64-bit Ubuntu 18.04.2 LTS
| Command      : upgrade_ip
| Device       : xc7a100tcsg324-1
------------------------------------------------------------------------------------

Upgrade Log for IP 'designAXIslave_AXI_Adder_Tree_0_1'

1. Summary
----------

SUCCESS in the upgrade of designAXIslave_AXI_Adder_Tree_0_1 (user.org:user:AXI_Adder_Tree:1.0) from (Rev. 69) to (Rev. 70)






Copyright 1986-2018 Xilinx, Inc. All Rights Reserved.
------------------------------------------------------------------------------------
| Tool Version : Vivado v.2018.2 (lin64) Build 2258646 Thu Jun 14 20:02:38 MDT 2018
| Date         : Sat Aug 24 22:51:19 2019
| Host         : Portilla running 64-bit Ubuntu 18.04.2 LTS
| Command      : upgrade_ip
| Device       : xc7a100tcsg324-1
------------------------------------------------------------------------------------

Upgrade Log for IP 'designAXIslave_AXI_Adder_Tree_0_1'

1. Summary
----------

SUCCESS in the upgrade of designAXIslave_AXI_Adder_Tree_0_1 (user.org:user:AXI_Adder_Tree:1.0) from (Rev. 68) to (Rev. 69)






Copyright 1986-2018 Xilinx, Inc. All Rights Reserved.
------------------------------------------------------------------------------------
| Tool Version : Vivado v.2018.2 (lin64) Build 2258646 Thu Jun 14 20:02:38 MDT 2018
| Date         : Sat Aug 24 22:45:28 2019
| Host         : Portilla running 64-bit Ubuntu 18.04.2 LTS
| Command      : upgrade_ip
| Device       : xc7a100tcsg324-1
------------------------------------------------------------------------------------

Upgrade Log for IP 'designAXIslave_AXI_Adder_Tree_0_1'

1. Summary
----------

SUCCESS in the upgrade of designAXIslave_AXI_Adder_Tree_0_1 (user.org:user:AXI_Adder_Tree:1.0) from (Rev. 67) to (Rev. 68)






Copyright 1986-2018 Xilinx, Inc. All Rights Reserved.
------------------------------------------------------------------------------------
| Tool Version : Vivado v.2018.2 (lin64) Build 2258646 Thu Jun 14 20:02:38 MDT 2018
| Date         : Sat Aug 24 21:44:25 2019
| Host         : Portilla running 64-bit Ubuntu 18.04.2 LTS
| Command      : upgrade_ip
| Device       : xc7a100tcsg324-1
------------------------------------------------------------------------------------

Upgrade Log for IP 'designAXIslave_AXI_Adder_Tree_0_1'

1. Summary
----------

SUCCESS in the upgrade of designAXIslave_AXI_Adder_Tree_0_1 (user.org:user:AXI_Adder_Tree:1.0) from (Rev. 66) to (Rev. 67)






Copyright 1986-2018 Xilinx, Inc. All Rights Reserved.
------------------------------------------------------------------------------------
| Tool Version : Vivado v.2018.2 (lin64) Build 2258646 Thu Jun 14 20:02:38 MDT 2018
| Date         : Sat Aug 24 17:02:30 2019
| Host         : Portilla running 64-bit Ubuntu 18.04.2 LTS
| Command      : upgrade_ip
| Device       : xc7a100tcsg324-1
------------------------------------------------------------------------------------

Upgrade Log for IP 'designAXIslave_AXI_Adder_Tree_0_1'

1. Summary
----------

SUCCESS in the upgrade of designAXIslave_AXI_Adder_Tree_0_1 (user.org:user:AXI_Adder_Tree:1.0) from (Rev. 65) to (Rev. 66)






Copyright 1986-2018 Xilinx, Inc. All Rights Reserved.
------------------------------------------------------------------------------------
| Tool Version : Vivado v.2018.2 (lin64) Build 2258646 Thu Jun 14 20:02:38 MDT 2018
| Date         : Sat Aug 24 16:50:30 2019
| Host         : Portilla running 64-bit Ubuntu 18.04.2 LTS
| Command      : upgrade_ip
| Device       : xc7a100tcsg324-1
------------------------------------------------------------------------------------

Upgrade Log for IP 'designAXIslave_AXI_Adder_Tree_0_1'

1. Summary
----------

SUCCESS in the upgrade of designAXIslave_AXI_Adder_Tree_0_1 (user.org:user:AXI_Adder_Tree:1.0) from (Rev. 64) to (Rev. 65)






Copyright 1986-2018 Xilinx, Inc. All Rights Reserved.
------------------------------------------------------------------------------------
| Tool Version : Vivado v.2018.2 (lin64) Build 2258646 Thu Jun 14 20:02:38 MDT 2018
| Date         : Sat Aug 24 16:39:22 2019
| Host         : Portilla running 64-bit Ubuntu 18.04.2 LTS
| Command      : upgrade_ip
| Device       : xc7a100tcsg324-1
------------------------------------------------------------------------------------

Upgrade Log for IP 'designAXIslave_AXI_Adder_Tree_0_1'

1. Summary
----------

SUCCESS in the upgrade of designAXIslave_AXI_Adder_Tree_0_1 (user.org:user:AXI_Adder_Tree:1.0) from (Rev. 62) to (Rev. 64)






Copyright 1986-2018 Xilinx, Inc. All Rights Reserved.
------------------------------------------------------------------------------------
| Tool Version : Vivado v.2018.2 (lin64) Build 2258646 Thu Jun 14 20:02:38 MDT 2018
| Date         : Fri Aug 23 23:33:55 2019
| Host         : Portilla running 64-bit Ubuntu 18.04.2 LTS
| Command      : upgrade_ip
| Device       : xc7a100tcsg324-1
------------------------------------------------------------------------------------

Upgrade Log for IP 'designAXIslave_AXI_Adder_Tree_0_1'

1. Summary
----------

SUCCESS in the upgrade of designAXIslave_AXI_Adder_Tree_0_1 (user.org:user:AXI_Adder_Tree:1.0) from (Rev. 61) to (Rev. 62)






Copyright 1986-2018 Xilinx, Inc. All Rights Reserved.
------------------------------------------------------------------------------------
| Tool Version : Vivado v.2018.2 (lin64) Build 2258646 Thu Jun 14 20:02:38 MDT 2018
| Date         : Fri Aug 23 22:04:45 2019
| Host         : Portilla running 64-bit Ubuntu 18.04.2 LTS
| Command      : upgrade_ip
| Device       : xc7a100tcsg324-1
------------------------------------------------------------------------------------

Upgrade Log for IP 'designAXIslave_AXI_Adder_Tree_0_1'

1. Summary
----------

SUCCESS in the upgrade of designAXIslave_AXI_Adder_Tree_0_1 (user.org:user:AXI_Adder_Tree:1.0) from (Rev. 60) to (Rev. 61)






Copyright 1986-2018 Xilinx, Inc. All Rights Reserved.
------------------------------------------------------------------------------------
| Tool Version : Vivado v.2018.2 (lin64) Build 2258646 Thu Jun 14 20:02:38 MDT 2018
| Date         : Fri Aug 23 20:57:39 2019
| Host         : Portilla running 64-bit Ubuntu 18.04.2 LTS
| Command      : upgrade_ip
| Device       : xc7a100tcsg324-1
------------------------------------------------------------------------------------

Upgrade Log for IP 'designAXIslave_AXI_Adder_Tree_0_1'

1. Summary
----------

SUCCESS in the upgrade of designAXIslave_AXI_Adder_Tree_0_1 (user.org:user:AXI_Adder_Tree:1.0) from (Rev. 59) to (Rev. 60)






Copyright 1986-2018 Xilinx, Inc. All Rights Reserved.
------------------------------------------------------------------------------------
| Tool Version : Vivado v.2018.2 (lin64) Build 2258646 Thu Jun 14 20:02:38 MDT 2018
| Date         : Fri Aug 23 20:34:59 2019
| Host         : Portilla running 64-bit Ubuntu 18.04.2 LTS
| Command      : upgrade_ip
| Device       : xc7a100tcsg324-1
------------------------------------------------------------------------------------

Upgrade Log for IP 'designAXIslave_AXI_Adder_Tree_0_1'

1. Summary
----------

SUCCESS in the upgrade of designAXIslave_AXI_Adder_Tree_0_1 (user.org:user:AXI_Adder_Tree:1.0) from (Rev. 58) to (Rev. 59)






Copyright 1986-2018 Xilinx, Inc. All Rights Reserved.
------------------------------------------------------------------------------------
| Tool Version : Vivado v.2018.2 (lin64) Build 2258646 Thu Jun 14 20:02:38 MDT 2018
| Date         : Fri Aug 23 20:15:16 2019
| Host         : Portilla running 64-bit Ubuntu 18.04.2 LTS
| Command      : upgrade_ip
| Device       : xc7a100tcsg324-1
------------------------------------------------------------------------------------

Upgrade Log for IP 'designAXIslave_AXI_Adder_Tree_0_1'

1. Summary
----------

SUCCESS in the upgrade of designAXIslave_AXI_Adder_Tree_0_1 (user.org:user:AXI_Adder_Tree:1.0) from (Rev. 57) to (Rev. 58)






Copyright 1986-2018 Xilinx, Inc. All Rights Reserved.
------------------------------------------------------------------------------------
| Tool Version : Vivado v.2018.2 (lin64) Build 2258646 Thu Jun 14 20:02:38 MDT 2018
| Date         : Fri Aug 23 20:09:08 2019
| Host         : Portilla running 64-bit Ubuntu 18.04.2 LTS
| Command      : upgrade_ip
| Device       : xc7a100tcsg324-1
------------------------------------------------------------------------------------

Upgrade Log for IP 'designAXIslave_AXI_Adder_Tree_0_1'

1. Summary
----------

SUCCESS in the upgrade of designAXIslave_AXI_Adder_Tree_0_1 (user.org:user:AXI_Adder_Tree:1.0) from (Rev. 56) to (Rev. 57)






Copyright 1986-2018 Xilinx, Inc. All Rights Reserved.
------------------------------------------------------------------------------------
| Tool Version : Vivado v.2018.2 (lin64) Build 2258646 Thu Jun 14 20:02:38 MDT 2018
| Date         : Fri Aug 23 19:30:50 2019
| Host         : Portilla running 64-bit Ubuntu 18.04.2 LTS
| Command      : upgrade_ip
| Device       : xc7a100tcsg324-1
------------------------------------------------------------------------------------

Upgrade Log for IP 'designAXIslave_AXI_Adder_Tree_0_1'

1. Summary
----------

SUCCESS in the upgrade of designAXIslave_AXI_Adder_Tree_0_1 (user.org:user:AXI_Adder_Tree:1.0) from (Rev. 55) to (Rev. 56)






Copyright 1986-2018 Xilinx, Inc. All Rights Reserved.
------------------------------------------------------------------------------------
| Tool Version : Vivado v.2018.2 (lin64) Build 2258646 Thu Jun 14 20:02:38 MDT 2018
| Date         : Thu Aug 22 15:40:36 2019
| Host         : Portilla running 64-bit Ubuntu 18.04.2 LTS
| Command      : upgrade_ip
| Device       : xc7a100tcsg324-1
------------------------------------------------------------------------------------

Upgrade Log for IP 'designAXIslave_AXI_Adder_Tree_0_1'

1. Summary
----------

SUCCESS in the upgrade of designAXIslave_AXI_Adder_Tree_0_1 (user.org:user:AXI_Adder_Tree:1.0) from (Rev. 54) to (Rev. 55)






Copyright 1986-2018 Xilinx, Inc. All Rights Reserved.
------------------------------------------------------------------------------------
| Tool Version : Vivado v.2018.2 (lin64) Build 2258646 Thu Jun 14 20:02:38 MDT 2018
| Date         : Thu Aug 22 15:12:54 2019
| Host         : Portilla running 64-bit Ubuntu 18.04.2 LTS
| Command      : upgrade_ip
| Device       : xc7a100tcsg324-1
------------------------------------------------------------------------------------

Upgrade Log for IP 'designAXIslave_AXI_Adder_Tree_0_1'

1. Summary
----------

SUCCESS in the upgrade of designAXIslave_AXI_Adder_Tree_0_1 (user.org:user:AXI_Adder_Tree:1.0) from (Rev. 53) to (Rev. 54)






Copyright 1986-2018 Xilinx, Inc. All Rights Reserved.
------------------------------------------------------------------------------------
| Tool Version : Vivado v.2018.2 (lin64) Build 2258646 Thu Jun 14 20:02:38 MDT 2018
| Date         : Thu Aug 22 14:41:59 2019
| Host         : Portilla running 64-bit Ubuntu 18.04.2 LTS
| Command      : upgrade_ip
| Device       : xc7a100tcsg324-1
------------------------------------------------------------------------------------

Upgrade Log for IP 'designAXIslave_AXI_Adder_Tree_0_1'

1. Summary
----------

SUCCESS in the upgrade of designAXIslave_AXI_Adder_Tree_0_1 (user.org:user:AXI_Adder_Tree:1.0) from (Rev. 52) to (Rev. 53)






Copyright 1986-2018 Xilinx, Inc. All Rights Reserved.
------------------------------------------------------------------------------------
| Tool Version : Vivado v.2018.2 (lin64) Build 2258646 Thu Jun 14 20:02:38 MDT 2018
| Date         : Thu Aug 22 13:57:40 2019
| Host         : Portilla running 64-bit Ubuntu 18.04.2 LTS
| Command      : upgrade_ip
| Device       : xc7a100tcsg324-1
------------------------------------------------------------------------------------

Upgrade Log for IP 'designAXIslave_AXI_Adder_Tree_0_1'

1. Summary
----------

SUCCESS in the upgrade of designAXIslave_AXI_Adder_Tree_0_1 (user.org:user:AXI_Adder_Tree:1.0) from (Rev. 50) to (Rev. 51)






Copyright 1986-2018 Xilinx, Inc. All Rights Reserved.
------------------------------------------------------------------------------------
| Tool Version : Vivado v.2018.2 (lin64) Build 2258646 Thu Jun 14 20:02:38 MDT 2018
| Date         : Thu Aug 22 13:09:45 2019
| Host         : Portilla running 64-bit Ubuntu 18.04.2 LTS
| Command      : upgrade_ip
| Device       : xc7a100tcsg324-1
------------------------------------------------------------------------------------

Upgrade Log for IP 'designAXIslave_AXI_Adder_Tree_0_1'

1. Summary
----------

SUCCESS in the upgrade of designAXIslave_AXI_Adder_Tree_0_1 (user.org:user:AXI_Adder_Tree:1.0) from (Rev. 49) to (Rev. 50)






Copyright 1986-2018 Xilinx, Inc. All Rights Reserved.
------------------------------------------------------------------------------------
| Tool Version : Vivado v.2018.2 (lin64) Build 2258646 Thu Jun 14 20:02:38 MDT 2018
| Date         : Thu Aug 22 12:20:20 2019
| Host         : Portilla running 64-bit Ubuntu 18.04.2 LTS
| Command      : upgrade_ip
| Device       : xc7a100tcsg324-1
------------------------------------------------------------------------------------

Upgrade Log for IP 'designAXIslave_AXI_Adder_Tree_0_1'

1. Summary
----------

SUCCESS in the upgrade of designAXIslave_AXI_Adder_Tree_0_1 (user.org:user:AXI_Adder_Tree:1.0) from (Rev. 48) to (Rev. 49)






Copyright 1986-2018 Xilinx, Inc. All Rights Reserved.
------------------------------------------------------------------------------------
| Tool Version : Vivado v.2018.2 (lin64) Build 2258646 Thu Jun 14 20:02:38 MDT 2018
| Date         : Thu Aug 22 12:11:39 2019
| Host         : Portilla running 64-bit Ubuntu 18.04.2 LTS
| Command      : upgrade_ip
| Device       : xc7a100tcsg324-1
------------------------------------------------------------------------------------

Upgrade Log for IP 'designAXIslave_AXI_Adder_Tree_0_1'

1. Summary
----------

SUCCESS in the upgrade of designAXIslave_AXI_Adder_Tree_0_1 (user.org:user:AXI_Adder_Tree:1.0) from (Rev. 47) to (Rev. 48)






Copyright 1986-2018 Xilinx, Inc. All Rights Reserved.
------------------------------------------------------------------------------------
| Tool Version : Vivado v.2018.2 (lin64) Build 2258646 Thu Jun 14 20:02:38 MDT 2018
| Date         : Wed Aug 21 23:02:07 2019
| Host         : Portilla running 64-bit Ubuntu 18.04.2 LTS
| Command      : upgrade_ip
| Device       : xc7a100tcsg324-1
------------------------------------------------------------------------------------

Upgrade Log for IP 'designAXIslave_AXI_Adder_Tree_0_1'

1. Summary
----------

SUCCESS in the upgrade of designAXIslave_AXI_Adder_Tree_0_1 (user.org:user:AXI_Adder_Tree:1.0) from (Rev. 46) to (Rev. 47)






Copyright 1986-2018 Xilinx, Inc. All Rights Reserved.
------------------------------------------------------------------------------------
| Tool Version : Vivado v.2018.2 (lin64) Build 2258646 Thu Jun 14 20:02:38 MDT 2018
| Date         : Wed Aug 21 15:56:59 2019
| Host         : Portilla running 64-bit Ubuntu 18.04.2 LTS
| Command      : upgrade_ip
| Device       : xc7a100tcsg324-1
------------------------------------------------------------------------------------

Upgrade Log for IP 'designAXIslave_AXI_Adder_Tree_0_1'

1. Summary
----------

SUCCESS in the upgrade of designAXIslave_AXI_Adder_Tree_0_1 (user.org:user:AXI_Adder_Tree:1.0) from (Rev. 45) to (Rev. 46)






Copyright 1986-2018 Xilinx, Inc. All Rights Reserved.
------------------------------------------------------------------------------------
| Tool Version : Vivado v.2018.2 (lin64) Build 2258646 Thu Jun 14 20:02:38 MDT 2018
| Date         : Wed Aug 21 14:58:06 2019
| Host         : Portilla running 64-bit Ubuntu 18.04.2 LTS
| Command      : upgrade_ip
| Device       : xc7a100tcsg324-1
------------------------------------------------------------------------------------

Upgrade Log for IP 'designAXIslave_AXI_Adder_Tree_0_1'

1. Summary
----------

SUCCESS in the upgrade of designAXIslave_AXI_Adder_Tree_0_1 (user.org:user:AXI_Adder_Tree:1.0) from (Rev. 44) to (Rev. 45)






Copyright 1986-2018 Xilinx, Inc. All Rights Reserved.
------------------------------------------------------------------------------------
| Tool Version : Vivado v.2018.2 (lin64) Build 2258646 Thu Jun 14 20:02:38 MDT 2018
| Date         : Wed Aug 21 11:44:25 2019
| Host         : Portilla running 64-bit Ubuntu 18.04.2 LTS
| Command      : upgrade_ip
| Device       : xc7a100tcsg324-1
------------------------------------------------------------------------------------

Upgrade Log for IP 'designAXIslave_AXI_Adder_Tree_0_1'

1. Summary
----------

SUCCESS in the upgrade of designAXIslave_AXI_Adder_Tree_0_1 (user.org:user:AXI_Adder_Tree:1.0) from (Rev. 43) to (Rev. 44)






Copyright 1986-2018 Xilinx, Inc. All Rights Reserved.
------------------------------------------------------------------------------------
| Tool Version : Vivado v.2018.2 (lin64) Build 2258646 Thu Jun 14 20:02:38 MDT 2018
| Date         : Wed Aug 21 11:01:43 2019
| Host         : Portilla running 64-bit Ubuntu 18.04.2 LTS
| Command      : upgrade_ip
| Device       : xc7a100tcsg324-1
------------------------------------------------------------------------------------

Upgrade Log for IP 'designAXIslave_AXI_Adder_Tree_0_1'

1. Summary
----------

CAUTION (success, with warnings) in the upgrade of designAXIslave_AXI_Adder_Tree_0_1 (user.org:user:AXI_Adder_Tree:1.0) from (Rev. 42) to (Rev. 43)

After upgrade, an IP may have parameter and port differences compared to the original customization. Please review the parameters within the IP customization GUI to ensure proper functionality. Also, please review the updated IP instantiation template to ensure proper connectivity, and update your design if required.

2. Connection Warnings
----------------------

Detected external port differences while upgrading 'designAXIslave_AXI_Adder_Tree_0_1'. These changes may impact your design.


-Upgrade has removed port 'dirrecived'







Copyright 1986-2018 Xilinx, Inc. All Rights Reserved.
------------------------------------------------------------------------------------
| Tool Version : Vivado v.2018.2 (lin64) Build 2258646 Thu Jun 14 20:02:38 MDT 2018
| Date         : Wed Aug 21 10:32:09 2019
| Host         : Portilla running 64-bit Ubuntu 18.04.2 LTS
| Command      : upgrade_ip
| Device       : xc7a100tcsg324-1
------------------------------------------------------------------------------------

Upgrade Log for IP 'designAXIslave_AXI_Adder_Tree_0_1'

1. Summary
----------

SUCCESS in the upgrade of designAXIslave_AXI_Adder_Tree_0_1 (user.org:user:AXI_Adder_Tree:1.0) from (Rev. 41) to (Rev. 42)






Copyright 1986-2018 Xilinx, Inc. All Rights Reserved.
------------------------------------------------------------------------------------
| Tool Version : Vivado v.2018.2 (lin64) Build 2258646 Thu Jun 14 20:02:38 MDT 2018
| Date         : Thu Aug 15 18:42:12 2019
| Host         : Portilla running 64-bit Ubuntu 18.04.2 LTS
| Command      : upgrade_ip
| Device       : xc7a100tcsg324-1
------------------------------------------------------------------------------------

Upgrade Log for IP 'designAXIslave_AXI_Adder_Tree_0_1'

1. Summary
----------

CAUTION (success, with warnings) in the upgrade of designAXIslave_AXI_Adder_Tree_0_1 (user.org:user:AXI_Adder_Tree:1.0) from (Rev. 40) to (Rev. 41)

After upgrade, an IP may have parameter and port differences compared to the original customization. Please review the parameters within the IP customization GUI to ensure proper functionality. Also, please review the updated IP instantiation template to ensure proper connectivity, and update your design if required.

2. Connection Warnings
----------------------

Detected external port differences while upgrading 'designAXIslave_AXI_Adder_Tree_0_1'. These changes may impact your design.


-Upgrade has removed port 'd3'

-Upgrade has removed port 'd4'







Copyright 1986-2018 Xilinx, Inc. All Rights Reserved.
------------------------------------------------------------------------------------
| Tool Version : Vivado v.2018.2 (lin64) Build 2258646 Thu Jun 14 20:02:38 MDT 2018
| Date         : Thu Aug 15 17:30:38 2019
| Host         : Portilla running 64-bit Ubuntu 18.04.2 LTS
| Command      : upgrade_ip
| Device       : xc7a100tcsg324-1
------------------------------------------------------------------------------------

Upgrade Log for IP 'designAXIslave_AXI_Adder_Tree_0_1'

1. Summary
----------

SUCCESS in the upgrade of designAXIslave_AXI_Adder_Tree_0_1 (user.org:user:AXI_Adder_Tree:1.0) from (Rev. 39) to (Rev. 40)






Copyright 1986-2018 Xilinx, Inc. All Rights Reserved.
------------------------------------------------------------------------------------
| Tool Version : Vivado v.2018.2 (lin64) Build 2258646 Thu Jun 14 20:02:38 MDT 2018
| Date         : Thu Aug 15 16:35:24 2019
| Host         : Portilla running 64-bit Ubuntu 18.04.2 LTS
| Command      : upgrade_ip
| Device       : xc7a100tcsg324-1
------------------------------------------------------------------------------------

Upgrade Log for IP 'designAXIslave_AXI_Adder_Tree_0_1'

1. Summary
----------

SUCCESS in the upgrade of designAXIslave_AXI_Adder_Tree_0_1 (user.org:user:AXI_Adder_Tree:1.0) from (Rev. 38) to (Rev. 39)






Copyright 1986-2018 Xilinx, Inc. All Rights Reserved.
------------------------------------------------------------------------------------
| Tool Version : Vivado v.2018.2 (lin64) Build 2258646 Thu Jun 14 20:02:38 MDT 2018
| Date         : Wed Aug 14 15:39:55 2019
| Host         : Portilla running 64-bit Ubuntu 18.04.2 LTS
| Command      : upgrade_ip
| Device       : xc7a100tcsg324-1
------------------------------------------------------------------------------------

Upgrade Log for IP 'designAXIslave_AXI_Adder_Tree_0_1'

1. Summary
----------

CAUTION (success, with warnings) in the upgrade of designAXIslave_AXI_Adder_Tree_0_1 (user.org:user:AXI_Adder_Tree:1.0) from (Rev. 37) to (Rev. 38)

After upgrade, an IP may have parameter and port differences compared to the original customization. Please review the parameters within the IP customization GUI to ensure proper functionality. Also, please review the updated IP instantiation template to ensure proper connectivity, and update your design if required.

2. Connection Warnings
----------------------

Detected external port differences while upgrading 'designAXIslave_AXI_Adder_Tree_0_1'. These changes may impact your design.


-Upgrade has added port 'd3'

-Upgrade has added port 'd4'







Copyright 1986-2018 Xilinx, Inc. All Rights Reserved.
------------------------------------------------------------------------------------
| Tool Version : Vivado v.2018.2 (lin64) Build 2258646 Thu Jun 14 20:02:38 MDT 2018
| Date         : Wed Aug 14 12:42:22 2019
| Host         : Portilla running 64-bit Ubuntu 18.04.2 LTS
| Command      : upgrade_ip
| Device       : xc7a100tcsg324-1
------------------------------------------------------------------------------------

Upgrade Log for IP 'designAXIslave_AXI_Adder_Tree_0_1'

1. Summary
----------

SUCCESS in the upgrade of designAXIslave_AXI_Adder_Tree_0_1 (user.org:user:AXI_Adder_Tree:1.0) from (Rev. 36) to (Rev. 37)






Copyright 1986-2018 Xilinx, Inc. All Rights Reserved.
------------------------------------------------------------------------------------
| Tool Version : Vivado v.2018.2 (lin64) Build 2258646 Thu Jun 14 20:02:38 MDT 2018
| Date         : Wed Aug 14 12:07:50 2019
| Host         : Portilla running 64-bit Ubuntu 18.04.2 LTS
| Command      : upgrade_ip
| Device       : xc7a100tcsg324-1
------------------------------------------------------------------------------------

Upgrade Log for IP 'designAXIslave_AXI_Adder_Tree_0_1'

1. Summary
----------

CAUTION (success, with warnings) in the upgrade of designAXIslave_AXI_Adder_Tree_0_1 (user.org:user:AXI_Adder_Tree:1.0) from (Rev. 33) to (Rev. 36)

After upgrade, an IP may have parameter and port differences compared to the original customization. Please review the parameters within the IP customization GUI to ensure proper functionality. Also, please review the updated IP instantiation template to ensure proper connectivity, and update your design if required.

2. Connection Warnings
----------------------

Detected external port differences while upgrading 'designAXIslave_AXI_Adder_Tree_0_1'. These changes may impact your design.


-Upgrade has removed port 'LED1'

-Upgrade has removed port 'LED2'

-Upgrade has removed port 'LED3'







Copyright 1986-2018 Xilinx, Inc. All Rights Reserved.
------------------------------------------------------------------------------------
| Tool Version : Vivado v.2018.2 (lin64) Build 2258646 Thu Jun 14 20:02:38 MDT 2018
| Date         : Tue Aug 13 15:39:23 2019
| Host         : Portilla running 64-bit Ubuntu 18.04.2 LTS
| Command      : upgrade_ip
| Device       : xc7a100tcsg324-1
------------------------------------------------------------------------------------

Upgrade Log for IP 'designAXIslave_AXI_Adder_Tree_0_1'

1. Summary
----------

SUCCESS in the upgrade of designAXIslave_AXI_Adder_Tree_0_1 (user.org:user:AXI_Adder_Tree:1.0) from (Rev. 32) to (Rev. 33)






Copyright 1986-2018 Xilinx, Inc. All Rights Reserved.
------------------------------------------------------------------------------------
| Tool Version : Vivado v.2018.2 (lin64) Build 2258646 Thu Jun 14 20:02:38 MDT 2018
| Date         : Tue Aug 13 14:39:53 2019
| Host         : Portilla running 64-bit Ubuntu 18.04.2 LTS
| Command      : upgrade_ip
| Device       : xc7a100tcsg324-1
------------------------------------------------------------------------------------

Upgrade Log for IP 'designAXIslave_AXI_Adder_Tree_0_1'

1. Summary
----------

SUCCESS in the upgrade of designAXIslave_AXI_Adder_Tree_0_1 (user.org:user:AXI_Adder_Tree:1.0) from (Rev. 31) to (Rev. 32)






Copyright 1986-2018 Xilinx, Inc. All Rights Reserved.
------------------------------------------------------------------------------------
| Tool Version : Vivado v.2018.2 (lin64) Build 2258646 Thu Jun 14 20:02:38 MDT 2018
| Date         : Tue Aug 13 12:57:53 2019
| Host         : Portilla running 64-bit Ubuntu 18.04.2 LTS
| Command      : upgrade_ip
| Device       : xc7a100tcsg324-1
------------------------------------------------------------------------------------

Upgrade Log for IP 'designAXIslave_AXI_Adder_Tree_0_1'

1. Summary
----------

SUCCESS in the upgrade of designAXIslave_AXI_Adder_Tree_0_1 (user.org:user:AXI_Adder_Tree:1.0) from (Rev. 30) to (Rev. 31)






Copyright 1986-2018 Xilinx, Inc. All Rights Reserved.
------------------------------------------------------------------------------------
| Tool Version : Vivado v.2018.2 (lin64) Build 2258646 Thu Jun 14 20:02:38 MDT 2018
| Date         : Sun Aug 11 23:04:47 2019
| Host         : Portilla running 64-bit Ubuntu 18.04.2 LTS
| Command      : upgrade_ip
| Device       : xc7a100tcsg324-1
------------------------------------------------------------------------------------

Upgrade Log for IP 'designAXIslave_AXI_Adder_Tree_0_0'

1. Summary
----------

SUCCESS in the upgrade of designAXIslave_AXI_Adder_Tree_0_0 (user.org:user:AXI_Adder_Tree:1.0) from (Rev. 27) to (Rev. 28)






Copyright 1986-2018 Xilinx, Inc. All Rights Reserved.
------------------------------------------------------------------------------------
| Tool Version : Vivado v.2018.2 (lin64) Build 2258646 Thu Jun 14 20:02:38 MDT 2018
| Date         : Sun Aug 11 22:45:24 2019
| Host         : Portilla running 64-bit Ubuntu 18.04.2 LTS
| Command      : upgrade_ip
| Device       : xc7a100tcsg324-1
------------------------------------------------------------------------------------

Upgrade Log for IP 'designAXIslave_AXI_Adder_Tree_0_0'

1. Summary
----------

SUCCESS in the upgrade of designAXIslave_AXI_Adder_Tree_0_0 (user.org:user:AXI_Adder_Tree:1.0) from (Rev. 26) to (Rev. 27)

