#-----------------------------------------------------------
# Webtalk v2018.2 (64-bit)
# SW Build 2258646 on Thu Jun 14 20:02:38 MDT 2018
# 
# Start of session at: Tue Sep  3 14:47:35 2019
# Process ID: 24593
# Current directory: /home/jorge/VivadoUSM/Adder_Tree_MicroblazeV2/Adder_Tree_Microblaze.sdk/webtalk
# Command line: wbtcv -mode batch -source sdk_webtalk.tcl
# Log file: /home/jorge/VivadoUSM/Adder_Tree_MicroblazeV2/Adder_Tree_Microblaze.sdk/webtalk/webtalk.log
# Journal file: /home/jorge/VivadoUSM/Adder_Tree_MicroblazeV2/Adder_Tree_Microblaze.sdk/webtalk/webtalk.jou
#-----------------------------------------------------------
source sdk_webtalk.tcl
# webtalk_init -webtalk_dir /home/jorge/VivadoUSM/Adder_Tree_MicroblazeV2/Adder_Tree_Microblaze.sdk/webtalk
# webtalk_register_client -client project
# webtalk_add_data -client project -key date_generated -value "2019-09-03 15:47:28" -context "software_version_and_target_device"
# webtalk_add_data -client project -key product_version -value "SDK v2018.2" -context "software_version_and_target_device"
# webtalk_add_data -client project -key build_version -value "2018.2" -context "software_version_and_target_device"
# webtalk_add_data -client project -key os_platform -value "amd64" -context "software_version_and_target_device"
# webtalk_add_data -client project -key registration_id -value "" -context "software_version_and_target_device"
# webtalk_add_data -client project -key tool_flow -value "SDK" -context "software_version_and_target_device"
# webtalk_add_data -client project -key beta -value "false" -context "software_version_and_target_device"
# webtalk_add_data -client project -key route_design -value "NA" -context "software_version_and_target_device"
# webtalk_add_data -client project -key target_family -value "NA" -context "software_version_and_target_device"
# webtalk_add_data -client project -key target_device -value "NA" -context "software_version_and_target_device"
# webtalk_add_data -client project -key target_package -value "NA" -context "software_version_and_target_device"
# webtalk_add_data -client project -key target_speed -value "NA" -context "software_version_and_target_device"
# webtalk_add_data -client project -key random_id -value "9251ms0jsu6mf6ad83cso735na" -context "software_version_and_target_device"
# webtalk_add_data -client project -key project_id -value "2018.2_32" -context "software_version_and_target_device"
# webtalk_add_data -client project -key project_iteration -value "32" -context "software_version_and_target_device"
# webtalk_add_data -client project -key os_name -value "Ubuntu" -context "user_environment"
# webtalk_add_data -client project -key os_release -value "Ubuntu 18.04.2 LTS" -context "user_environment"
# webtalk_add_data -client project -key cpu_name -value "Intel(R) Core(TM) i3-4030U CPU @ 1.90GHz" -context "user_environment"
# webtalk_add_data -client project -key cpu_speed -value "1269.055 MHz" -context "user_environment"
# webtalk_add_data -client project -key total_processors -value "1" -context "user_environment"
# webtalk_add_data -client project -key system_ram -value "8,288 GB" -context "user_environment"
# webtalk_register_client -client sdk
# webtalk_add_data -client sdk -key uid -value "1567525951000" -context "sdk\\\\application/1567525951000"
# webtalk_add_data -client sdk -key hwid -value "1566774415000" -context "sdk\\\\application/1567525951000"
# webtalk_add_data -client sdk -key bspid -value "1566774450000" -context "sdk\\\\application/1567525951000"
# webtalk_add_data -client sdk -key newbsp -value "false" -context "sdk\\\\application/1567525951000"
# webtalk_add_data -client sdk -key os -value "standalone" -context "sdk\\\\application/1567525951000"
# webtalk_add_data -client sdk -key apptemplate -value "hello_world" -context "sdk\\\\application/1567525951000"
# webtalk_add_data -client sdk -key RecordType -value "APPCreation" -context "sdk\\\\application/1567525951000"
# webtalk_add_data -client sdk -key LangUsed -value "C" -context "sdk\\\\application/1567525951000"
# webtalk_add_data -client sdk -key Procused -value "microblaze" -context "sdk\\\\application/1567525951000"
# webtalk_add_data -client sdk -key uid -value "1567532498000" -context "sdk\\\\application/1567532498000"
# webtalk_add_data -client sdk -key hwid -value "1566774415000" -context "sdk\\\\application/1567532498000"
# webtalk_add_data -client sdk -key bspid -value "1566774450000" -context "sdk\\\\application/1567532498000"
# webtalk_add_data -client sdk -key newbsp -value "false" -context "sdk\\\\application/1567532498000"
# webtalk_add_data -client sdk -key os -value "standalone" -context "sdk\\\\application/1567532498000"
# webtalk_add_data -client sdk -key apptemplate -value "empty_application" -context "sdk\\\\application/1567532498000"
# webtalk_add_data -client sdk -key RecordType -value "APPCreation" -context "sdk\\\\application/1567532498000"
# webtalk_add_data -client sdk -key LangUsed -value "C" -context "sdk\\\\application/1567532498000"
# webtalk_add_data -client sdk -key Procused -value "microblaze" -context "sdk\\\\application/1567532498000"
# webtalk_add_data -client sdk -key uid -value "1567532731000" -context "sdk\\\\application/1567532731000"
# webtalk_add_data -client sdk -key hwid -value "1566774415000" -context "sdk\\\\application/1567532731000"
# webtalk_add_data -client sdk -key bspid -value "1566774450000" -context "sdk\\\\application/1567532731000"
# webtalk_add_data -client sdk -key newbsp -value "false" -context "sdk\\\\application/1567532731000"
# webtalk_add_data -client sdk -key os -value "standalone" -context "sdk\\\\application/1567532731000"
# webtalk_add_data -client sdk -key apptemplate -value "hello_world" -context "sdk\\\\application/1567532731000"
# webtalk_add_data -client sdk -key RecordType -value "APPCreation" -context "sdk\\\\application/1567532731000"
# webtalk_add_data -client sdk -key LangUsed -value "C" -context "sdk\\\\application/1567532731000"
# webtalk_add_data -client sdk -key Procused -value "microblaze" -context "sdk\\\\application/1567532731000"
# webtalk_add_data -client sdk -key projSize -value "266.51953125" -context "sdk\\\\application/1567532731000"
# webtalk_add_data -client sdk -key uid -value "NA" -context "sdk\\\\bsp/1567536448707"
# webtalk_add_data -client sdk -key RecordType -value "ToolUsage" -context "sdk\\\\bsp/1567536448707"
# webtalk_add_data -client sdk -key BootgenCount -value "0" -context "sdk\\\\bsp/1567536448707"
# webtalk_add_data -client sdk -key DebugCount -value "0" -context "sdk\\\\bsp/1567536448707"
# webtalk_add_data -client sdk -key PerfCount -value "0" -context "sdk\\\\bsp/1567536448707"
# webtalk_add_data -client sdk -key FlashCount -value "0" -context "sdk\\\\bsp/1567536448707"
# webtalk_add_data -client sdk -key CrossTriggCount -value "0" -context "sdk\\\\bsp/1567536448707"
# webtalk_add_data -client sdk -key QemuDebugCount -value "0" -context "sdk\\\\bsp/1567536448707"
# webtalk_transmit -clientid 288913704 -regid "" -xml /home/jorge/VivadoUSM/Adder_Tree_MicroblazeV2/Adder_Tree_Microblaze.sdk/webtalk/usage_statistics_ext_sdk.xml -html /home/jorge/VivadoUSM/Adder_Tree_MicroblazeV2/Adder_Tree_Microblaze.sdk/webtalk/usage_statistics_ext_sdk.html -wdm /home/jorge/VivadoUSM/Adder_Tree_MicroblazeV2/Adder_Tree_Microblaze.sdk/webtalk/sdk_webtalk.wdm -intro "<H3>SDK Usage Report</H3><BR>"
# webtalk_terminate
INFO: [Common 17-206] Exiting Webtalk at Tue Sep  3 14:47:36 2019...
